<?xml version="1.0" encoding="UTF-8"?>
<testng-results ignored="0" total="1" passed="1" failed="0" skipped="0">
  <reporter-output>
  </reporter-output>
  <suite started-at="2022-09-12T20:24:52 TRT" name="Default suite" finished-at="2022-09-12T20:25:36 TRT" duration-ms="43883">
    <groups>
    </groups>
    <test started-at="2022-09-12T20:24:52 TRT" name="Default test" finished-at="2022-09-12T20:25:36 TRT" duration-ms="43883">
      <class name="com.formica.tests.CreateUserTest">
        <test-method is-config="true" signature="setUp()[pri:0, instance:com.formica.tests.CreateUserTest@1e1a0406]" started-at="2022-09-12T20:24:52 TRT" name="setUp" finished-at="2022-09-12T20:24:57 TRT" duration-ms="5279" status="PASS">
          <reporter-output>
          </reporter-output>
        </test-method> <!-- setUp -->
        <test-method signature="createUserTest1()[pri:0, instance:com.formica.tests.CreateUserTest@1e1a0406]" started-at="2022-09-12T20:24:57 TRT" name="createUserTest1" finished-at="2022-09-12T20:25:36 TRT" duration-ms="38427" status="PASS">
          <reporter-output>
          </reporter-output>
        </test-method> <!-- createUserTest1 -->
        <test-method is-config="true" signature="tearDown()[pri:0, instance:com.formica.tests.CreateUserTest@1e1a0406]" started-at="2022-09-12T20:25:36 TRT" name="tearDown" finished-at="2022-09-12T20:25:36 TRT" duration-ms="119" status="PASS">
          <reporter-output>
          </reporter-output>
        </test-method> <!-- tearDown -->
      </class> <!-- com.formica.tests.CreateUserTest -->
    </test> <!-- Default test -->
  </suite> <!-- Default suite -->
</testng-results>
